<?xml version="1.0" encoding="UTF-8"?>
<testng-results skipped="0" failed="0" total="1" passed="1">
  <reporter-output>
  </reporter-output>
  <suite name="Default suite" duration-ms="45163" started-at="2020-12-09T05:47:42Z" finished-at="2020-12-09T05:48:27Z">
    <groups>
      <group name="cucumber">
        <method signature="AbstractTestNGCucumberTests.runScenario(cucumber.api.testng.PickleEventWrapper, cucumber.api.testng.CucumberFeatureWrapper)[pri:0, instance:runner.TestRunner@6fadae5d]" name="runScenario" class="cucumber.api.testng.AbstractTestNGCucumberTests"/>
      </group> <!-- cucumber -->
    </groups>
    <test name="Default test" duration-ms="45163" started-at="2020-12-09T05:47:42Z" finished-at="2020-12-09T05:48:27Z">
      <class name="runner.TestRunner">
        <test-method status="PASS" signature="setUpClass()[pri:0, instance:runner.TestRunner@6fadae5d]" name="setUpClass" is-config="true" duration-ms="120" started-at="2020-12-09T11:17:42Z" finished-at="2020-12-09T11:17:42Z">
          <reporter-output>
          </reporter-output>
        </test-method> <!-- setUpClass -->
        <test-method status="PASS" signature="runScenario(cucumber.api.testng.PickleEventWrapper, cucumber.api.testng.CucumberFeatureWrapper)[pri:0, instance:runner.TestRunner@6fadae5d]" name="runScenario" duration-ms="44981" started-at="2020-12-09T11:17:42Z" description="Runs Cucumber Scenarios" data-provider="scenarios" finished-at="2020-12-09T11:18:27Z">
          <params>
            <param index="0">
              <value>
                <![CDATA["Successful Login"]]>
              </value>
            </param>
            <param index="1">
              <value>
                <![CDATA["FreeCRM Website"]]>
              </value>
            </param>
          </params>
          <reporter-output>
          </reporter-output>
        </test-method> <!-- runScenario -->
        <test-method status="PASS" signature="tearDownClass()[pri:0, instance:runner.TestRunner@6fadae5d]" name="tearDownClass" is-config="true" duration-ms="17" started-at="2020-12-09T11:18:27Z" finished-at="2020-12-09T11:18:27Z">
          <reporter-output>
          </reporter-output>
        </test-method> <!-- tearDownClass -->
      </class> <!-- runner.TestRunner -->
    </test> <!-- Default test -->
  </suite> <!-- Default suite -->
</testng-results>
